Using pre-set license
Built from '2020.3/release' branch; Version is '2020.3.27f1 (e759542391ea) revision 15161684'; Using compiler version '192528614'; Build Type 'Release'
OS: 'Windows 11  (10.0.22000) 64bit Professional' Language: 'en' Physical Memory: 32693 MB
BatchMode: 1, IsHumanControllingUs: 0, StartBugReporterOnCrash: 0, Is64bit: 1, IsPro: 0

COMMAND LINE ARGUMENTS:
C:\Program Files\Unity\Hub\Editor\2020.3.27f1\Editor\Unity.exe
-adb2
-batchMode
-noUpm
-name
AssetImportWorker0
-projectPath
E:/JRL493Final/Final Game Project JRL 493
-logFile
Logs/AssetImportWorker0.log
-srvPort
56251
Successfully changed project path to: E:/JRL493Final/Final Game Project JRL 493
E:/JRL493Final/Final Game Project JRL 493
Using Asset Import Pipeline V2.
Refreshing native plugins compatible for Editor in 49.58 ms, found 2 plugins.
Preloading 0 native plugins for Editor in 0.00 ms.
Initialize engine version: 2020.3.27f1 (e759542391ea)
[Subsystems] Discovering subsystems at path C:/Program Files/Unity/Hub/Editor/2020.3.27f1/Editor/Data/Resources/UnitySubsystems
[Subsystems] Discovering subsystems at path E:/JRL493Final/Final Game Project JRL 493/Assets
GfxDevice: creating device client; threaded=0
Direct3D:
    Version:  Direct3D 11.0 [level 11.1]
    Renderer: NVIDIA GeForce GTX 1660 Ti (ID=0x2182)
    Vendor:   
    VRAM:     5991 MB
    Driver:   30.0.15.1215
Initialize mono
Mono path[0] = 'C:/Program Files/Unity/Hub/Editor/2020.3.27f1/Editor/Data/Managed'
Mono path[1] = 'C:/Program Files/Unity/Hub/Editor/2020.3.27f1/Editor/Data/MonoBleedingEdge/lib/mono/unityjit'
Mono config path = 'C:/Program Files/Unity/Hub/Editor/2020.3.27f1/Editor/Data/MonoBleedingEdge/etc'
Using monoOptions --debugger-agent=transport=dt_socket,embedding=1,server=y,suspend=n,address=127.0.0.1:56420
Begin MonoManager ReloadAssembly
Registering precompiled unity dll's ...
Register platform support module: C:/Program Files/Unity/Hub/Editor/2020.3.27f1/Editor/Data/PlaybackEngines/WindowsStandaloneSupport/UnityEditor.WindowsStandalone.Extensions.dll
Registered in 0.001658 seconds.
Native extension for WindowsStandalone target not found
Refreshing native plugins compatible for Editor in 52.67 ms, found 2 plugins.
Preloading 0 native plugins for Editor in 0.00 ms.
Mono: successfully reloaded assembly
- Completed reload, in  0.546 seconds
Domain Reload Profiling:
	ReloadAssembly (546ms)
		BeginReloadAssembly (55ms)
			ExecutionOrderSort (0ms)
			DisableScriptedObjects (0ms)
			BackupInstance (0ms)
			ReleaseScriptingObjects (0ms)
			CreateAndSetChildDomain (1ms)
		EndReloadAssembly (422ms)
			LoadAssemblies (53ms)
			RebuildTransferFunctionScriptingTraits (0ms)
			SetupTypeCache (137ms)
			ReleaseScriptCaches (0ms)
			RebuildScriptCaches (26ms)
			SetupLoadedEditorAssemblies (166ms)
				LogAssemblyErrors (0ms)
				InitializePlatformSupportModulesInManaged (4ms)
				SetLoadedEditorAssemblies (0ms)
				RefreshPlugins (53ms)
				BeforeProcessingInitializeOnLoad (15ms)
				ProcessInitializeOnLoadAttributes (69ms)
				ProcessInitializeOnLoadMethodAttributes (25ms)
				AfterProcessingInitializeOnLoad (0ms)
				EditorAssembliesLoaded (0ms)
			ExecutionOrderSort2 (0ms)
			AwakeInstancesAfterBackupRestoration (0ms)
Platform modules already initialized, skipping
Registering precompiled user dll's ...
Registered in 0.004836 seconds.
Begin MonoManager ReloadAssembly
Native extension for WindowsStandalone target not found
Refreshing native plugins compatible for Editor in 51.41 ms, found 2 plugins.
Preloading 0 native plugins for Editor in 0.00 ms.
Mono: successfully reloaded assembly
- Completed reload, in  1.018 seconds
Domain Reload Profiling:
	ReloadAssembly (1019ms)
		BeginReloadAssembly (131ms)
			ExecutionOrderSort (0ms)
			DisableScriptedObjects (4ms)
			BackupInstance (0ms)
			ReleaseScriptingObjects (0ms)
			CreateAndSetChildDomain (18ms)
		EndReloadAssembly (832ms)
			LoadAssemblies (99ms)
			RebuildTransferFunctionScriptingTraits (0ms)
			SetupTypeCache (278ms)
			ReleaseScriptCaches (1ms)
			RebuildScriptCaches (45ms)
			SetupLoadedEditorAssemblies (306ms)
				LogAssemblyErrors (0ms)
				InitializePlatformSupportModulesInManaged (3ms)
				SetLoadedEditorAssemblies (0ms)
				RefreshPlugins (52ms)
				BeforeProcessingInitializeOnLoad (70ms)
				ProcessInitializeOnLoadAttributes (167ms)
				ProcessInitializeOnLoadMethodAttributes (9ms)
				AfterProcessingInitializeOnLoad (6ms)
				EditorAssembliesLoaded (0ms)
			ExecutionOrderSort2 (0ms)
			AwakeInstancesAfterBackupRestoration (6ms)
Platform modules already initialized, skipping
========================================================================
Worker process is ready to serve import requests
Launched and connected shader compiler UnityShaderCompiler.exe after 0.04 seconds
Refreshing native plugins compatible for Editor in 0.68 ms, found 2 plugins.
Preloading 0 native plugins for Editor in 0.00 ms.
Unloading 2793 Unused Serialized files (Serialized files now loaded: 0)
System memory in use before: 214.1 MB.
System memory in use after: 214.2 MB.

Unloading 25 unused Assets to reduce memory usage. Loaded Objects now: 3249.
Total: 3.852000 ms (FindLiveObjects: 0.373700 ms CreateObjectMapping: 0.179900 ms MarkObjects: 3.186400 ms  DeleteObjects: 0.110500 ms)

AssetImportParameters requested are different than current active one (requested -> active):
  custom:framework-win-MediaFoundation: 216162199b28c13a410421893ffa2e32 -> 
  custom:video-decoder-ogg-theora: a1e56fd34408186e4bbccfd4996cb3dc -> 
  custom:container-muxer-webm: aa71ff27fc2769a1b78a27578f13a17b -> 
  custom:container-demuxer-webm: 4f35f7cbe854078d1ac9338744f61a02 -> 
  custom:container-demuxer-ogg: 62fdf1f143b41e24485cea50d1cbac27 -> 
  custom:video-encoder-webm-vp8: eb34c28f22e8b96e1ab97ce403110664 -> 
  custom:video-codec-MediaFoundation-h265: e54d7ab0439102e2317fc1e4b246158d -> 
  custom:video-decoder-webm-vp8: 9c59270c3fd7afecdb556c50c9e8de78 -> 
  custom:audio-decoder-ogg-vorbis: bf7c407c2cedff20999df2af8eb42d56 -> 
  custom:audio-encoder-webm-vorbis: bf7c407c2cedff20999df2af8eb42d56 -> 
========================================================================
Received Import Request.
  path: Assets/models/Weapons/Onion
  artifactKey: Guid(6c87b77cf6c1db0488afc5c53783b1ca) Importer(815301076,1909f56bfc062723c751e8b465ee728b)
Start importing Assets/models/Weapons/Onion using Guid(6c87b77cf6c1db0488afc5c53783b1ca) Importer(815301076,1909f56bfc062723c751e8b465ee728b)  -> (artifact id: '4b6150a66119552708ebaabb6312a5c2') in 0.007281 seconds 
  Import took 0.012006 seconds .

========================================================================
Received Import Request.
  Time since last request: 9.599019 seconds.
  path: Assets/models/Weapons/Onion/untitled.fbx
  artifactKey: Guid(ff3bb4e17e29f504ca2c3bb66183bbf1) Importer(815301076,1909f56bfc062723c751e8b465ee728b)
Start importing Assets/models/Weapons/Onion/untitled.fbx using Guid(ff3bb4e17e29f504ca2c3bb66183bbf1) Importer(815301076,1909f56bfc062723c751e8b465ee728b)  -> (artifact id: '869aae879ac7a11e64c04803d609d8a5') in 0.169996 seconds 
  Import took 0.175655 seconds .

========================================================================
Received Import Request.
  Time since last request: 4.320255 seconds.
  path: Assets/models/Weapons/Onion/Onion.fbx
  artifactKey: Guid(ff3bb4e17e29f504ca2c3bb66183bbf1) Importer(815301076,1909f56bfc062723c751e8b465ee728b)
Start importing Assets/models/Weapons/Onion/Onion.fbx using Guid(ff3bb4e17e29f504ca2c3bb66183bbf1) Importer(815301076,1909f56bfc062723c751e8b465ee728b)  -> (artifact id: '2375d55dfc6834be6f988b8c81d823af') in 0.021930 seconds 
  Import took 0.026548 seconds .

========================================================================
Received Import Request.
  Time since last request: 13.268944 seconds.
  path: Assets/models/Weapons/Onion/Onion.fbx
  artifactKey: Guid(ff3bb4e17e29f504ca2c3bb66183bbf1) Importer(815301076,1909f56bfc062723c751e8b465ee728b)
Start importing Assets/models/Weapons/Onion/Onion.fbx using Guid(ff3bb4e17e29f504ca2c3bb66183bbf1) Importer(815301076,1909f56bfc062723c751e8b465ee728b)  -> (artifact id: '4257f86b2b6cd579ff3d25e5d0c7c2d1') in 0.013950 seconds 
  Import took 0.019002 seconds .

========================================================================
Received Import Request.
  Time since last request: 0.000394 seconds.
  path: Assets/models/Weapons/Onion/Onion_Material.mat
  artifactKey: Guid(0964d51875841c649a4e3f32fec0758a) Importer(815301076,1909f56bfc062723c751e8b465ee728b)
Start importing Assets/models/Weapons/Onion/Onion_Material.mat using Guid(0964d51875841c649a4e3f32fec0758a) Importer(815301076,1909f56bfc062723c751e8b465ee728b)  -> (artifact id: '237f50d9f9cda041936975be67998542') in 0.014823 seconds 
  Import took 0.019974 seconds .

========================================================================
Received Import Request.
  Time since last request: 37.924523 seconds.
  path: Assets/models/Weapons/Onion/360_F_428378989_lgE4OPe32JB7q5MP5Y0TS2QfWlBR8oek.jpg
  artifactKey: Guid(97f27879024fb0a41a431dbef50e84db) Importer(815301076,1909f56bfc062723c751e8b465ee728b)
Start importing Assets/models/Weapons/Onion/360_F_428378989_lgE4OPe32JB7q5MP5Y0TS2QfWlBR8oek.jpg using Guid(97f27879024fb0a41a431dbef50e84db) Importer(815301076,1909f56bfc062723c751e8b465ee728b)  -> (artifact id: '34573d2129a3140a65ab8756f0aff40f') in 0.019206 seconds 
  Import took 0.024082 seconds .

========================================================================
Received Import Request.
  Time since last request: 188.625920 seconds.
  path: Assets/models/Weapons/Onion/Onion.prefab
  artifactKey: Guid(025c07723a283234998a0bcceb2eeb9c) Importer(815301076,1909f56bfc062723c751e8b465ee728b)
Start importing Assets/models/Weapons/Onion/Onion.prefab using Guid(025c07723a283234998a0bcceb2eeb9c) Importer(815301076,1909f56bfc062723c751e8b465ee728b)  -> (artifact id: '8f468ce228e3e4edd28b5071e910c6fb') in 0.014537 seconds 
  Import took 0.019720 seconds .

========================================================================
Received Import Request.
  Time since last request: 11.672113 seconds.
  path: Assets/Scripts/Grenade.cs
  artifactKey: Guid(a4d00db686d1e004a958aef4fb7bb51d) Importer(815301076,1909f56bfc062723c751e8b465ee728b)
Start importing Assets/Scripts/Grenade.cs using Guid(a4d00db686d1e004a958aef4fb7bb51d) Importer(815301076,1909f56bfc062723c751e8b465ee728b)  -> (artifact id: '4c3a23a34c77fc76be796d2fdc62559c') in 0.012398 seconds 
  Import took 0.017436 seconds .

========================================================================
Received Prepare
Registering precompiled user dll's ...
Registered in 0.005040 seconds.
Begin MonoManager ReloadAssembly
Native extension for WindowsStandalone target not found
Refreshing native plugins compatible for Editor in 0.71 ms, found 2 plugins.
Preloading 0 native plugins for Editor in 0.00 ms.
Mono: successfully reloaded assembly
- Completed reload, in  0.974 seconds
Domain Reload Profiling:
	ReloadAssembly (975ms)
		BeginReloadAssembly (111ms)
			ExecutionOrderSort (0ms)
			DisableScriptedObjects (3ms)
			BackupInstance (0ms)
			ReleaseScriptingObjects (0ms)
			CreateAndSetChildDomain (37ms)
		EndReloadAssembly (800ms)
			LoadAssemblies (114ms)
			RebuildTransferFunctionScriptingTraits (0ms)
			SetupTypeCache (292ms)
			ReleaseScriptCaches (1ms)
			RebuildScriptCaches (38ms)
			SetupLoadedEditorAssemblies (273ms)
				LogAssemblyErrors (0ms)
				InitializePlatformSupportModulesInManaged (4ms)
				SetLoadedEditorAssemblies (0ms)
				RefreshPlugins (1ms)
				BeforeProcessingInitializeOnLoad (76ms)
				ProcessInitializeOnLoadAttributes (174ms)
				ProcessInitializeOnLoadMethodAttributes (10ms)
				AfterProcessingInitializeOnLoad (7ms)
				EditorAssembliesLoaded (0ms)
			ExecutionOrderSort2 (0ms)
			AwakeInstancesAfterBackupRestoration (6ms)
Platform modules already initialized, skipping
Refreshing native plugins compatible for Editor in 0.83 ms, found 2 plugins.
Preloading 0 native plugins for Editor in 0.00 ms.
Unloading 2730 Unused Serialized files (Serialized files now loaded: 0)
System memory in use before: 211.5 MB.
System memory in use after: 211.7 MB.

Unloading 20 unused Assets to reduce memory usage. Loaded Objects now: 3297.
Total: 9.107700 ms (FindLiveObjects: 0.545400 ms CreateObjectMapping: 0.120100 ms MarkObjects: 8.322100 ms  DeleteObjects: 0.117800 ms)

AssetImportParameters requested are different than current active one (requested -> active):
  custom:framework-win-MediaFoundation: 216162199b28c13a410421893ffa2e32 -> 
  custom:video-decoder-ogg-theora: a1e56fd34408186e4bbccfd4996cb3dc -> 
  custom:container-muxer-webm: aa71ff27fc2769a1b78a27578f13a17b -> 
  custom:container-demuxer-webm: 4f35f7cbe854078d1ac9338744f61a02 -> 
  custom:container-demuxer-ogg: 62fdf1f143b41e24485cea50d1cbac27 -> 
  custom:video-encoder-webm-vp8: eb34c28f22e8b96e1ab97ce403110664 -> 
  custom:video-codec-MediaFoundation-h265: e54d7ab0439102e2317fc1e4b246158d -> 
  custom:video-decoder-webm-vp8: 9c59270c3fd7afecdb556c50c9e8de78 -> 
  custom:audio-decoder-ogg-vorbis: bf7c407c2cedff20999df2af8eb42d56 -> 
  custom:audio-encoder-webm-vorbis: bf7c407c2cedff20999df2af8eb42d56 -> 
========================================================================
Received Import Request.
  Time since last request: 183.863660 seconds.
  path: Assets/Scripts/Grenade.cs
  artifactKey: Guid(a4d00db686d1e004a958aef4fb7bb51d) Importer(815301076,1909f56bfc062723c751e8b465ee728b)
Start importing Assets/Scripts/Grenade.cs using Guid(a4d00db686d1e004a958aef4fb7bb51d) Importer(815301076,1909f56bfc062723c751e8b465ee728b)  -> (artifact id: 'e4100a3aba2172f0ee0934cd806b8d41') in 0.009472 seconds 
  Import took 0.015478 seconds .

========================================================================
Received Import Request.
  Time since last request: 14.809244 seconds.
  path: Assets/Scripts/Grenade.cs
  artifactKey: Guid(a4d00db686d1e004a958aef4fb7bb51d) Importer(815301076,1909f56bfc062723c751e8b465ee728b)
Start importing Assets/Scripts/Grenade.cs using Guid(a4d00db686d1e004a958aef4fb7bb51d) Importer(815301076,1909f56bfc062723c751e8b465ee728b)  -> (artifact id: '59e4d7176e39c122043d4add333e770a') in 0.002921 seconds 
  Import took 0.008476 seconds .

========================================================================
Received Import Request.
  Time since last request: 6.517882 seconds.
  path: Assets/Scripts/Grenade.cs
  artifactKey: Guid(a4d00db686d1e004a958aef4fb7bb51d) Importer(815301076,1909f56bfc062723c751e8b465ee728b)
Start importing Assets/Scripts/Grenade.cs using Guid(a4d00db686d1e004a958aef4fb7bb51d) Importer(815301076,1909f56bfc062723c751e8b465ee728b)  -> (artifact id: 'dcfdf747f9e5be3170d2b0ec840e2f4e') in 0.003109 seconds 
  Import took 0.007893 seconds .

========================================================================
Received Import Request.
  Time since last request: 11.846850 seconds.
  path: Assets/Scripts/Grenade.cs
  artifactKey: Guid(a4d00db686d1e004a958aef4fb7bb51d) Importer(815301076,1909f56bfc062723c751e8b465ee728b)
Start importing Assets/Scripts/Grenade.cs using Guid(a4d00db686d1e004a958aef4fb7bb51d) Importer(815301076,1909f56bfc062723c751e8b465ee728b)  -> (artifact id: '5cb0404f1857593bdcfa16299bea26e8') in 0.003481 seconds 
  Import took 0.011409 seconds .

========================================================================
Received Import Request.
  Time since last request: 29.895080 seconds.
  path: Assets/Scripts/Grenade.cs
  artifactKey: Guid(a4d00db686d1e004a958aef4fb7bb51d) Importer(815301076,1909f56bfc062723c751e8b465ee728b)
Start importing Assets/Scripts/Grenade.cs using Guid(a4d00db686d1e004a958aef4fb7bb51d) Importer(815301076,1909f56bfc062723c751e8b465ee728b)  -> (artifact id: '022823874208b6ceef6939d0a23ff061') in 0.005230 seconds 
  Import took 0.010377 seconds .

========================================================================
Received Import Request.
  Time since last request: 15.990360 seconds.
  path: Assets/Scripts/Grenade.cs
  artifactKey: Guid(a4d00db686d1e004a958aef4fb7bb51d) Importer(815301076,1909f56bfc062723c751e8b465ee728b)
Start importing Assets/Scripts/Grenade.cs using Guid(a4d00db686d1e004a958aef4fb7bb51d) Importer(815301076,1909f56bfc062723c751e8b465ee728b)  -> (artifact id: 'f6bc39dfa907d4a395e8fe88ce0a80a9') in 0.006757 seconds 
  Import took 0.013056 seconds .

========================================================================
Received Import Request.
  Time since last request: 8.613781 seconds.
  path: Assets/Scripts/Grenade.cs
  artifactKey: Guid(a4d00db686d1e004a958aef4fb7bb51d) Importer(815301076,1909f56bfc062723c751e8b465ee728b)
Start importing Assets/Scripts/Grenade.cs using Guid(a4d00db686d1e004a958aef4fb7bb51d) Importer(815301076,1909f56bfc062723c751e8b465ee728b)  -> (artifact id: '97a3cfc975e9009b9766466e33a66a06') in 0.002536 seconds 
  Import took 0.006699 seconds .

========================================================================
Received Import Request.
  Time since last request: 34.241337 seconds.
  path: Assets/Scripts/Grenade.cs
  artifactKey: Guid(a4d00db686d1e004a958aef4fb7bb51d) Importer(815301076,1909f56bfc062723c751e8b465ee728b)
Start importing Assets/Scripts/Grenade.cs using Guid(a4d00db686d1e004a958aef4fb7bb51d) Importer(815301076,1909f56bfc062723c751e8b465ee728b)  -> (artifact id: '5417e541856deff301d2f12e5883475a') in 0.003075 seconds 
  Import took 0.009130 seconds .

========================================================================
Received Import Request.
  Time since last request: 10.860761 seconds.
  path: Assets/Scripts/Grenade.cs
  artifactKey: Guid(a4d00db686d1e004a958aef4fb7bb51d) Importer(815301076,1909f56bfc062723c751e8b465ee728b)
Start importing Assets/Scripts/Grenade.cs using Guid(a4d00db686d1e004a958aef4fb7bb51d) Importer(815301076,1909f56bfc062723c751e8b465ee728b)  -> (artifact id: '801e5b2926abca523dce1b886b52c0e0') in 0.003389 seconds 
  Import took 0.008576 seconds .

========================================================================
Received Import Request.
  Time since last request: 6.454244 seconds.
  path: Assets/Scripts/Grenade.cs
  artifactKey: Guid(a4d00db686d1e004a958aef4fb7bb51d) Importer(815301076,1909f56bfc062723c751e8b465ee728b)
Start importing Assets/Scripts/Grenade.cs using Guid(a4d00db686d1e004a958aef4fb7bb51d) Importer(815301076,1909f56bfc062723c751e8b465ee728b)  -> (artifact id: '2d60bff843ceebea964249f1914bc161') in 0.004643 seconds 
  Import took 0.010863 seconds .

========================================================================
Received Import Request.
  Time since last request: 58.421095 seconds.
  path: Assets/Scripts/Grenade.cs
  artifactKey: Guid(a4d00db686d1e004a958aef4fb7bb51d) Importer(815301076,1909f56bfc062723c751e8b465ee728b)
Start importing Assets/Scripts/Grenade.cs using Guid(a4d00db686d1e004a958aef4fb7bb51d) Importer(815301076,1909f56bfc062723c751e8b465ee728b)  -> (artifact id: '426b009a6a194faeab48a1782ea9fb17') in 0.003022 seconds 
  Import took 0.007680 seconds .

========================================================================
Received Import Request.
  Time since last request: 20.842547 seconds.
  path: Assets/Scripts/Grenade.cs
  artifactKey: Guid(a4d00db686d1e004a958aef4fb7bb51d) Importer(815301076,1909f56bfc062723c751e8b465ee728b)
Start importing Assets/Scripts/Grenade.cs using Guid(a4d00db686d1e004a958aef4fb7bb51d) Importer(815301076,1909f56bfc062723c751e8b465ee728b)  -> (artifact id: '553d4797c1460dd45f8ac70260666a55') in 0.003971 seconds 
  Import took 0.009277 seconds .

========================================================================
Received Import Request.
  Time since last request: 10.341385 seconds.
  path: Assets/Scripts/Grenade.cs
  artifactKey: Guid(a4d00db686d1e004a958aef4fb7bb51d) Importer(815301076,1909f56bfc062723c751e8b465ee728b)
Start importing Assets/Scripts/Grenade.cs using Guid(a4d00db686d1e004a958aef4fb7bb51d) Importer(815301076,1909f56bfc062723c751e8b465ee728b)  -> (artifact id: 'c58bbe7b428ab025060db7e6db9c367b') in 0.004640 seconds 
  Import took 0.010161 seconds .

========================================================================
Received Prepare
Registering precompiled user dll's ...
Registered in 0.008174 seconds.
Begin MonoManager ReloadAssembly
Native extension for WindowsStandalone target not found
Refreshing native plugins compatible for Editor in 0.69 ms, found 2 plugins.
Preloading 0 native plugins for Editor in 0.00 ms.
Mono: successfully reloaded assembly
- Completed reload, in  0.945 seconds
Domain Reload Profiling:
	ReloadAssembly (946ms)
		BeginReloadAssembly (127ms)
			ExecutionOrderSort (0ms)
			DisableScriptedObjects (4ms)
			BackupInstance (0ms)
			ReleaseScriptingObjects (0ms)
			CreateAndSetChildDomain (37ms)
		EndReloadAssembly (743ms)
			LoadAssemblies (123ms)
			RebuildTransferFunctionScriptingTraits (0ms)
			SetupTypeCache (267ms)
			ReleaseScriptCaches (1ms)
			RebuildScriptCaches (36ms)
			SetupLoadedEditorAssemblies (259ms)
				LogAssemblyErrors (0ms)
				InitializePlatformSupportModulesInManaged (4ms)
				SetLoadedEditorAssemblies (0ms)
				RefreshPlugins (1ms)
				BeforeProcessingInitializeOnLoad (71ms)
				ProcessInitializeOnLoadAttributes (170ms)
				ProcessInitializeOnLoadMethodAttributes (8ms)
				AfterProcessingInitializeOnLoad (6ms)
				EditorAssembliesLoaded (0ms)
			ExecutionOrderSort2 (0ms)
			AwakeInstancesAfterBackupRestoration (5ms)
Platform modules already initialized, skipping
Refreshing native plugins compatible for Editor in 0.79 ms, found 2 plugins.
Preloading 0 native plugins for Editor in 0.00 ms.
Unloading 2730 Unused Serialized files (Serialized files now loaded: 0)
System memory in use before: 211.5 MB.
System memory in use after: 211.7 MB.

Unloading 20 unused Assets to reduce memory usage. Loaded Objects now: 3299.
Total: 3.158900 ms (FindLiveObjects: 0.296500 ms CreateObjectMapping: 0.071900 ms MarkObjects: 2.707100 ms  DeleteObjects: 0.081900 ms)

AssetImportParameters requested are different than current active one (requested -> active):
  custom:framework-win-MediaFoundation: 216162199b28c13a410421893ffa2e32 -> 
  custom:video-decoder-ogg-theora: a1e56fd34408186e4bbccfd4996cb3dc -> 
  custom:container-muxer-webm: aa71ff27fc2769a1b78a27578f13a17b -> 
  custom:container-demuxer-webm: 4f35f7cbe854078d1ac9338744f61a02 -> 
  custom:container-demuxer-ogg: 62fdf1f143b41e24485cea50d1cbac27 -> 
  custom:video-encoder-webm-vp8: eb34c28f22e8b96e1ab97ce403110664 -> 
  custom:video-codec-MediaFoundation-h265: e54d7ab0439102e2317fc1e4b246158d -> 
  custom:video-decoder-webm-vp8: 9c59270c3fd7afecdb556c50c9e8de78 -> 
  custom:audio-decoder-ogg-vorbis: bf7c407c2cedff20999df2af8eb42d56 -> 
  custom:audio-encoder-webm-vorbis: bf7c407c2cedff20999df2af8eb42d56 -> 
========================================================================
Received Prepare
Registering precompiled user dll's ...
Registered in 0.007382 seconds.
Begin MonoManager ReloadAssembly
Native extension for WindowsStandalone target not found
Refreshing native plugins compatible for Editor in 0.74 ms, found 2 plugins.
Preloading 0 native plugins for Editor in 0.00 ms.
Mono: successfully reloaded assembly
- Completed reload, in  0.966 seconds
Domain Reload Profiling:
	ReloadAssembly (967ms)
		BeginReloadAssembly (112ms)
			ExecutionOrderSort (0ms)
			DisableScriptedObjects (4ms)
			BackupInstance (0ms)
			ReleaseScriptingObjects (0ms)
			CreateAndSetChildDomain (41ms)
		EndReloadAssembly (800ms)
			LoadAssemblies (113ms)
			RebuildTransferFunctionScriptingTraits (0ms)
			SetupTypeCache (300ms)
			ReleaseScriptCaches (1ms)
			RebuildScriptCaches (37ms)
			SetupLoadedEditorAssemblies (268ms)
				LogAssemblyErrors (0ms)
				InitializePlatformSupportModulesInManaged (4ms)
				SetLoadedEditorAssemblies (0ms)
				RefreshPlugins (1ms)
				BeforeProcessingInitializeOnLoad (74ms)
				ProcessInitializeOnLoadAttributes (174ms)
				ProcessInitializeOnLoadMethodAttributes (8ms)
				AfterProcessingInitializeOnLoad (6ms)
				EditorAssembliesLoaded (0ms)
			ExecutionOrderSort2 (0ms)
			AwakeInstancesAfterBackupRestoration (6ms)
Platform modules already initialized, skipping
Refreshing native plugins compatible for Editor in 1.12 ms, found 2 plugins.
Preloading 0 native plugins for Editor in 0.00 ms.
Unloading 2741 Unused Serialized files (Serialized files now loaded: 0)
System memory in use before: 212.2 MB.
System memory in use after: 212.1 MB.

Unloading 22 unused Assets to reduce memory usage. Loaded Objects now: 3310.
Total: 4.665800 ms (FindLiveObjects: 0.464300 ms CreateObjectMapping: 0.094900 ms MarkObjects: 3.787000 ms  DeleteObjects: 0.317700 ms)

AssetImportParameters requested are different than current active one (requested -> active):
  custom:framework-win-MediaFoundation: 216162199b28c13a410421893ffa2e32 -> 
  custom:video-decoder-ogg-theora: a1e56fd34408186e4bbccfd4996cb3dc -> 
  custom:container-muxer-webm: aa71ff27fc2769a1b78a27578f13a17b -> 
  custom:container-demuxer-webm: 4f35f7cbe854078d1ac9338744f61a02 -> 
  custom:container-demuxer-ogg: 62fdf1f143b41e24485cea50d1cbac27 -> 
  custom:video-encoder-webm-vp8: eb34c28f22e8b96e1ab97ce403110664 -> 
  custom:video-codec-MediaFoundation-h265: e54d7ab0439102e2317fc1e4b246158d -> 
  custom:video-decoder-webm-vp8: 9c59270c3fd7afecdb556c50c9e8de78 -> 
  custom:audio-decoder-ogg-vorbis: bf7c407c2cedff20999df2af8eb42d56 -> 
  custom:audio-encoder-webm-vorbis: bf7c407c2cedff20999df2af8eb42d56 -> 
========================================================================
Received Import Request.
  Time since last request: 253.053499 seconds.
  path: Assets/EffectExamples/Readme.asset
  artifactKey: Guid(83c2ed844a8c74b779a4c823d16594b1) Importer(815301076,1909f56bfc062723c751e8b465ee728b)
Start importing Assets/EffectExamples/Readme.asset using Guid(83c2ed844a8c74b779a4c823d16594b1) Importer(815301076,1909f56bfc062723c751e8b465ee728b)  -> (artifact id: '468e7179bb661ce24b6eb3174de739f0') in 0.033509 seconds 
  Import took 0.039401 seconds .

========================================================================
Received Import Request.
  Time since last request: 0.000352 seconds.
  path: Assets/EffectExamples/SmokeTrail.mat
  artifactKey: Guid(85320f50710fcfb4d886bc56151bea1b) Importer(815301076,1909f56bfc062723c751e8b465ee728b)
Start importing Assets/EffectExamples/SmokeTrail.mat using Guid(85320f50710fcfb4d886bc56151bea1b) Importer(815301076,1909f56bfc062723c751e8b465ee728b)  -> (artifact id: 'bd4cee2062885be6416dfd088df5e9b0') in 0.083792 seconds 
  Import took 0.089002 seconds .

========================================================================
Received Import Request.
  Time since last request: 9.623917 seconds.
  path: Assets/EffectExamples/FireExplosionEffects
  artifactKey: Guid(9c9c292c9091a7d4fbaf34fdd81b85fc) Importer(815301076,1909f56bfc062723c751e8b465ee728b)
Start importing Assets/EffectExamples/FireExplosionEffects using Guid(9c9c292c9091a7d4fbaf34fdd81b85fc) Importer(815301076,1909f56bfc062723c751e8b465ee728b)  -> (artifact id: 'e943d9774d6134ef0b7ff39e059e82bb') in 0.004059 seconds 
  Import took 0.014233 seconds .

========================================================================
Received Import Request.
  Time since last request: 1.489348 seconds.
  path: Assets/EffectExamples/FireExplosionEffects/Prefabs
  artifactKey: Guid(af557a47dae08a94cb2839384fe7ac98) Importer(815301076,1909f56bfc062723c751e8b465ee728b)
Start importing Assets/EffectExamples/FireExplosionEffects/Prefabs using Guid(af557a47dae08a94cb2839384fe7ac98) Importer(815301076,1909f56bfc062723c751e8b465ee728b)  -> (artifact id: '082e04a831ba42b268c8f54c1a8723e2') in 0.010671 seconds 
  Import took 0.015822 seconds .

========================================================================
Received Import Request.
  Time since last request: 0.110938 seconds.
  path: Assets/EffectExamples/FireExplosionEffects/Prefabs/BigExplosionEffect.prefab
  artifactKey: Guid(acf39d9f4addf294d93fa56fa373961b) Importer(815301076,1909f56bfc062723c751e8b465ee728b)
Start importing Assets/EffectExamples/FireExplosionEffects/Prefabs/BigExplosionEffect.prefab using Guid(acf39d9f4addf294d93fa56fa373961b) Importer(815301076,1909f56bfc062723c751e8b465ee728b)  -> (artifact id: '728ed9136ea182a8df41f75c3bd064ea') in 0.337859 seconds 
  Import took 0.345069 seconds .

========================================================================
Received Import Request.
  Time since last request: 0.000386 seconds.
  path: Assets/EffectExamples/FireExplosionEffects/Prefabs/PlasmaExplosionEffect.prefab
  artifactKey: Guid(96730f8640590934eacb6f860058e7f9) Importer(815301076,1909f56bfc062723c751e8b465ee728b)
Start importing Assets/EffectExamples/FireExplosionEffects/Prefabs/PlasmaExplosionEffect.prefab using Guid(96730f8640590934eacb6f860058e7f9) Importer(815301076,1909f56bfc062723c751e8b465ee728b)  -> (artifact id: 'ca44e622ed091f9959da47dacb1c1da9') in 0.235278 seconds 
  Import took 0.240477 seconds .

========================================================================
Received Import Request.
  Time since last request: 0.000403 seconds.
  path: Assets/EffectExamples/FireExplosionEffects/Prefabs/SmokeEffect.prefab
  artifactKey: Guid(85a8865d1bf4a63478038fae23776de8) Importer(815301076,1909f56bfc062723c751e8b465ee728b)
Start importing Assets/EffectExamples/FireExplosionEffects/Prefabs/SmokeEffect.prefab using Guid(85a8865d1bf4a63478038fae23776de8) Importer(815301076,1909f56bfc062723c751e8b465ee728b)  -> (artifact id: '3038c9bd5c50eafc05998da3d3cf2d10') in 0.014791 seconds 
  Import took 0.019582 seconds .

========================================================================
Received Import Request.
  Time since last request: 0.000371 seconds.
  path: Assets/EffectExamples/FireExplosionEffects/Prefabs/WallFlames.prefab
  artifactKey: Guid(2c7e85f4b03483447a66947c83fb7468) Importer(815301076,1909f56bfc062723c751e8b465ee728b)
Start importing Assets/EffectExamples/FireExplosionEffects/Prefabs/WallFlames.prefab using Guid(2c7e85f4b03483447a66947c83fb7468) Importer(815301076,1909f56bfc062723c751e8b465ee728b)  -> (artifact id: '6329a68f30c8e90bb7e39fa2f00bbaad') in 0.138500 seconds 
  Import took 0.143064 seconds .

========================================================================
Received Import Request.
  Time since last request: 0.000363 seconds.
  path: Assets/EffectExamples/FireExplosionEffects/Prefabs/DrippingFlames.prefab
  artifactKey: Guid(ce4133109fd2cb7469faad8e7c4307a4) Importer(815301076,1909f56bfc062723c751e8b465ee728b)
Start importing Assets/EffectExamples/FireExplosionEffects/Prefabs/DrippingFlames.prefab using Guid(ce4133109fd2cb7469faad8e7c4307a4) Importer(815301076,1909f56bfc062723c751e8b465ee728b)  -> (artifact id: 'd73ae6f87df13956c7bec9e831078cc3') in 0.019989 seconds 
  Import took 0.025825 seconds .

========================================================================
Received Import Request.
  Time since last request: 0.000324 seconds.
  path: Assets/EffectExamples/FireExplosionEffects/Prefabs/FlameThrowerEffect.prefab
  artifactKey: Guid(3123da49cb81147489b444f2749aba47) Importer(815301076,1909f56bfc062723c751e8b465ee728b)
Start importing Assets/EffectExamples/FireExplosionEffects/Prefabs/FlameThrowerEffect.prefab using Guid(3123da49cb81147489b444f2749aba47) Importer(815301076,1909f56bfc062723c751e8b465ee728b)  -> (artifact id: '2e427c0e2cf989bcb6d5e7cfbab45842') in 0.022332 seconds 
  Import took 0.027411 seconds .

========================================================================
Received Import Request.
  Time since last request: 0.000258 seconds.
  path: Assets/EffectExamples/FireExplosionEffects/Prefabs/TorchEffect.prefab
  artifactKey: Guid(3cdf614b79009ca49a2a5c117fb49c35) Importer(815301076,1909f56bfc062723c751e8b465ee728b)
Start importing Assets/EffectExamples/FireExplosionEffects/Prefabs/TorchEffect.prefab using Guid(3cdf614b79009ca49a2a5c117fb49c35) Importer(815301076,1909f56bfc062723c751e8b465ee728b)  -> (artifact id: 'aa032472baf306aa7774186622503a6b') in 0.015057 seconds 
  Import took 0.019389 seconds .

========================================================================
Received Import Request.
  Time since last request: 0.000295 seconds.
  path: Assets/EffectExamples/FireExplosionEffects/Prefabs/SmallExplosionEffect.prefab
  artifactKey: Guid(ecdd96beb7f93494880c052dfccf9dc1) Importer(815301076,1909f56bfc062723c751e8b465ee728b)
Start importing Assets/EffectExamples/FireExplosionEffects/Prefabs/SmallExplosionEffect.prefab using Guid(ecdd96beb7f93494880c052dfccf9dc1) Importer(815301076,1909f56bfc062723c751e8b465ee728b)  -> (artifact id: '16d377f6f02647340fa14f81bf013df8') in 0.014596 seconds 
  Import took 0.020636 seconds .

========================================================================
Received Import Request.
  Time since last request: 0.000438 seconds.
  path: Assets/EffectExamples/FireExplosionEffects/Prefabs/FlamesParticleEffect.prefab
  artifactKey: Guid(3228a22491941734bb83ad691d17fcb9) Importer(815301076,1909f56bfc062723c751e8b465ee728b)
Start importing Assets/EffectExamples/FireExplosionEffects/Prefabs/FlamesParticleEffect.prefab using Guid(3228a22491941734bb83ad691d17fcb9) Importer(815301076,1909f56bfc062723c751e8b465ee728b)  -> (artifact id: '8475ec364ac4a356d0ab1cd3549b96dc') in 0.011436 seconds 
  Import took 0.016963 seconds .

========================================================================
Received Import Request.
  Time since last request: 0.000371 seconds.
  path: Assets/EffectExamples/FireExplosionEffects/Prefabs/RibbonSmoke.prefab
  artifactKey: Guid(4d35711ba17dcd4409264568d9155360) Importer(815301076,1909f56bfc062723c751e8b465ee728b)
Start importing Assets/EffectExamples/FireExplosionEffects/Prefabs/RibbonSmoke.prefab using Guid(4d35711ba17dcd4409264568d9155360) Importer(815301076,1909f56bfc062723c751e8b465ee728b)  -> (artifact id: '64b69779bba7a2c03b81b59e77079a23') in 0.014593 seconds 
  Import took 0.020459 seconds .

========================================================================
Received Import Request.
  Time since last request: 0.000267 seconds.
  path: Assets/EffectExamples/FireExplosionEffects/Prefabs/FlamesEffects.prefab
  artifactKey: Guid(b9e167e31f640b34f87caab122fca598) Importer(815301076,1909f56bfc062723c751e8b465ee728b)
Start importing Assets/EffectExamples/FireExplosionEffects/Prefabs/FlamesEffects.prefab using Guid(b9e167e31f640b34f87caab122fca598) Importer(815301076,1909f56bfc062723c751e8b465ee728b)  -> (artifact id: '08b694dadb15768bef2ae5ef9e257113') in 0.018375 seconds 
  Import took 0.024133 seconds .

========================================================================
Received Import Request.
  Time since last request: 0.977093 seconds.
  path: Assets/EffectExamples/FireExplosionEffects/Materials/SmokeDarkParticle.mat
  artifactKey: Guid(698a8134f4ebbbd4e848648685f68067) Importer(815301076,1909f56bfc062723c751e8b465ee728b)
Start importing Assets/EffectExamples/FireExplosionEffects/Materials/SmokeDarkParticle.mat using Guid(698a8134f4ebbbd4e848648685f68067) Importer(815301076,1909f56bfc062723c751e8b465ee728b)  -> (artifact id: '6e6b384f53f41a4067c6c446bc4ef326') in 0.020094 seconds 
  Import took 0.025740 seconds .

AssetImportWorkerClient::OnTransportError - code=2 error=End of file
